<?xml version="1.0" encoding="UTF-8"?>
<!-- Generated by org.testng.reporters.JUnitReportReporter -->
<testsuite hostname="gulcans-MacBook-Pro.local" failures="0" tests="1" name="makePlan" time="42.752" errors="0" timestamp="30 Oct 2018 21:26:26 GMT" skipped="0">
  <testcase classname="makePlan" name="makeSelection" time="42.752"/>
</testsuite> <!-- makePlan -->
