<?xml version="1.0" encoding="UTF-8"?>
<!-- Generated by org.testng.reporters.JUnitReportReporter -->
<testsuite hostname="gulcans-MacBook-Pro.local" failures="0" tests="1" name="timelineChat" time="1347.900" errors="0" timestamp="28 Oct 2018 23:29:03 GMT" skipped="0">
  <testcase classname="timelineChat" name="timelineChat" time="1347.900"/>
</testsuite> <!-- timelineChat -->
