<?xml version="1.0" encoding="UTF-8"?>
<!-- Generated by org.testng.reporters.JUnitReportReporter -->
<testsuite hostname="gulcans-MacBook-Pro.local" failures="0" tests="3" name="Register" time="38.630" errors="0" timestamp="30 Oct 2018 21:26:26 GMT" skipped="0">
  <testcase classname="Register" name="register" time="20.929"/>
  <testcase classname="Register" name="tstizin" time="10.546"/>
  <testcase classname="Register" name="invalidNumber" time="7.155"/>
</testsuite> <!-- Register -->
