<?xml version="1.0" encoding="UTF-8"?>
<!-- Generated by org.testng.reporters.JUnitReportReporter -->
<testsuite hostname="gulcans-MacBook-Pro.local" failures="0" tests="3" name="Register" time="42.433" errors="0" timestamp="01 Nov 2018 21:15:32 GMT" skipped="0">
  <testcase classname="Register" name="invalidNumber" time="7.436"/>
  <testcase classname="Register" name="tstizin" time="13.649"/>
  <testcase classname="Register" name="register" time="21.348"/>
</testsuite> <!-- Register -->
