<?xml version="1.0" encoding="UTF-8"?>
<!-- Generated by org.testng.reporters.JUnitReportReporter -->
<testsuite hostname="gulcans-MacBook-Pro.local" failures="0" tests="1" name="joinPlan" time="2.801" errors="0" timestamp="30 Oct 2018 21:26:26 GMT" skipped="0">
  <testcase classname="joinPlan" name="timelineJoin" time="2.801"/>
</testsuite> <!-- joinPlan -->
